0 info it worked if it ends with ok
1 verbose cli [ '/Users/navtyagi/.nvm/versions/node/v6.9.1/bin/node',
1 verbose cli   '/Users/navtyagi/.nvm/versions/node/v6.9.1/bin/npm',
1 verbose cli   'run',
1 verbose cli   'lint:app' ]
2 info using npm@3.10.8
3 info using node@v6.9.1
4 verbose run-script [ 'prelint:app', 'lint:app', 'postlint:app' ]
5 info lifecycle root@~prelint:app: root@
6 silly lifecycle root@~prelint:app: no script for prelint:app, continuing
7 info lifecycle root@~lint:app: root@
8 verbose lifecycle root@~lint:app: unsafe-perm in lifecycle true
9 verbose lifecycle root@~lint:app: PATH: /Users/navtyagi/.nvm/versions/node/v6.9.1/lib/node_modules/npm/bin/node-gyp-bin:/Users/navtyagi/tcp-unified-experience/node_modules/.bin:/Users/navtyagi/.nvm/versions/node/v6.9.1/bin:/usr/local/bin:/usr/bin:/bin:/usr/sbin:/sbin
10 verbose lifecycle root@~lint:app: CWD: /Users/navtyagi/tcp-unified-experience
11 silly lifecycle root@~lint:app: Args: [ '-c', 'yarn eslint:app && yarn stylelint:app' ]
12 silly lifecycle root@~lint:app: Returned: code: 1  signal: null
13 info lifecycle root@~lint:app: Failed to exec lint:app script
14 verbose stack Error: root@ lint:app: `yarn eslint:app && yarn stylelint:app`
14 verbose stack Exit status 1
14 verbose stack     at EventEmitter.<anonymous> (/Users/navtyagi/.nvm/versions/node/v6.9.1/lib/node_modules/npm/lib/utils/lifecycle.js:255:16)
14 verbose stack     at emitTwo (events.js:106:13)
14 verbose stack     at EventEmitter.emit (events.js:191:7)
14 verbose stack     at ChildProcess.<anonymous> (/Users/navtyagi/.nvm/versions/node/v6.9.1/lib/node_modules/npm/lib/utils/spawn.js:40:14)
14 verbose stack     at emitTwo (events.js:106:13)
14 verbose stack     at ChildProcess.emit (events.js:191:7)
14 verbose stack     at maybeClose (internal/child_process.js:877:16)
14 verbose stack     at Process.ChildProcess._handle.onexit (internal/child_process.js:226:5)
15 verbose pkgid root@
16 verbose cwd /Users/navtyagi/tcp-unified-experience
17 error Darwin 18.6.0
18 error argv "/Users/navtyagi/.nvm/versions/node/v6.9.1/bin/node" "/Users/navtyagi/.nvm/versions/node/v6.9.1/bin/npm" "run" "lint:app"
19 error node v6.9.1
20 error npm  v3.10.8
21 error code ELIFECYCLE
22 error root@ lint:app: `yarn eslint:app && yarn stylelint:app`
22 error Exit status 1
23 error Failed at the root@ lint:app script 'yarn eslint:app && yarn stylelint:app'.
23 error Make sure you have the latest version of node.js and npm installed.
23 error If you do, this is most likely a problem with the root package,
23 error not with npm itself.
23 error Tell the author that this fails on your system:
23 error     yarn eslint:app && yarn stylelint:app
23 error You can get information on how to open an issue for this project with:
23 error     npm bugs root
23 error Or if that isn't available, you can get their info via:
23 error     npm owner ls root
23 error There is likely additional logging output above.
24 verbose exit [ 1, true ]
